[2022-05-04 15:10:46,212] {taskinstance.py:1032} INFO - Dependencies all met for <TaskInstance: emission_dag.run_etl manual__2022-05-04T15:10:44.026311+00:00 [queued]>
[2022-05-04 15:10:46,226] {taskinstance.py:1032} INFO - Dependencies all met for <TaskInstance: emission_dag.run_etl manual__2022-05-04T15:10:44.026311+00:00 [queued]>
[2022-05-04 15:10:46,227] {taskinstance.py:1238} INFO - 
--------------------------------------------------------------------------------
[2022-05-04 15:10:46,227] {taskinstance.py:1239} INFO - Starting attempt 1 of 2
[2022-05-04 15:10:46,228] {taskinstance.py:1240} INFO - 
--------------------------------------------------------------------------------
[2022-05-04 15:10:46,243] {taskinstance.py:1259} INFO - Executing <Task(PythonOperator): run_etl> on 2022-05-04 15:10:44.026311+00:00
[2022-05-04 15:10:46,249] {standard_task_runner.py:52} INFO - Started process 5479 to run task
[2022-05-04 15:10:46,252] {standard_task_runner.py:76} INFO - Running: ['***', 'tasks', 'run', 'emission_dag', 'run_etl', 'manual__2022-05-04T15:10:44.026311+00:00', '--job-id', '6', '--raw', '--subdir', 'DAGS_FOLDER/emission-dag.py', '--cfg-path', '/tmp/tmpu9onrlc2', '--error-file', '/tmp/tmpdu0kzbaw']
[2022-05-04 15:10:46,253] {standard_task_runner.py:77} INFO - Job 6: Subtask run_etl
[2022-05-04 15:10:46,339] {logging_mixin.py:109} INFO - Running <TaskInstance: emission_dag.run_etl manual__2022-05-04T15:10:44.026311+00:00 [running]> on host 936fa37c1ac0
[2022-05-04 15:10:46,444] {taskinstance.py:1426} INFO - Exporting the following env vars:
AIRFLOW_CTX_DAG_OWNER=Aniket
AIRFLOW_CTX_DAG_ID=emission_dag
AIRFLOW_CTX_TASK_ID=run_etl
AIRFLOW_CTX_EXECUTION_DATE=2022-05-04T15:10:44.026311+00:00
AIRFLOW_CTX_DAG_RUN_ID=manual__2022-05-04T15:10:44.026311+00:00
[2022-05-04 15:10:46,446] {logging_mixin.py:109} INFO - >>> Running 'extract' function. Logged at 2022-05-04 15:10:46.446516+00:00
[2022-05-04 15:10:46,447] {logging_mixin.py:109} INFO - extracting the data
[2022-05-04 15:10:46,469] {logging_mixin.py:109} INFO - No new data!
[2022-05-04 15:10:46,473] {logging_mixin.py:109} INFO - >>> Function: 'extract' executed. Logged at 2022-05-04 15:10:46.446516+00:00
[2022-05-04 15:10:46,489] {logging_mixin.py:109} INFO -             name  first_name       city
0         Treker  Westbrooke   Gongping
1       Ghiroldi    Cecilius    Ciheras
2    Francescone     Giavani     Oefatu
3       Brayshaw         Bab      Uripa
4         Aldren      Selene  Peachland
..           ...         ...        ...
995        Jopke       Biddy     Numazu
996      Belhome     Sephira  Carpenter
997        Rivel      Hermie     Plérin
998     Ludlamme       Niels    Lubenec
999      Ashfold       Prinz    Qinghua

[1000 rows x 3 columns]
[2022-05-04 15:10:46,490] {python.py:175} INFO - Done. Returned value was: None
[2022-05-04 15:10:46,505] {taskinstance.py:1277} INFO - Marking task as SUCCESS. dag_id=emission_dag, task_id=run_etl, execution_date=20220504T151044, start_date=20220504T151046, end_date=20220504T151046
[2022-05-04 15:10:46,545] {local_task_job.py:154} INFO - Task exited with return code 0
[2022-05-04 15:10:46,587] {local_task_job.py:264} INFO - 0 downstream tasks scheduled from follow-on schedule check
